[2022-08-08 15:44:10.258] [INFO ] [main] com.springboot.api.ApiApplication Starting ApiApplication using Java 11.0.11 on Seongwonui-MacBookPro.local with PID 2169 (/Users/seongwon/workspace/study/Spring/Spring_study/SpringBootGuide/api/target/classes started by seongwon in /Users/seongwon/workspace/study/Spring/Spring_study/SpringBootGuide/api)
[2022-08-08 15:44:10.261] [INFO ] [main] com.springboot.api.ApiApplication No active profile set, falling back to default profiles: default
[2022-08-08 15:44:12.504] [INFO ] [main] org.springframework.boot.web.embedded.tomcat.TomcatWebServer Tomcat initialized with port(s): 8080 (http)
[2022-08-08 15:44:12.515] [INFO ] [main] org.apache.coyote.http11.Http11NioProtocol Initializing ProtocolHandler ["http-nio-8080"]
[2022-08-08 15:44:12.516] [INFO ] [main] org.apache.catalina.core.StandardService Starting service [Tomcat]
[2022-08-08 15:44:12.516] [INFO ] [main] org.apache.catalina.core.StandardEngine Starting Servlet engine: [Apache Tomcat/9.0.54]
[2022-08-08 15:44:12.693] [INFO ] [main] org.apache.catalina.core.ContainerBase.[Tomcat].[localhost].[/] Initializing Spring embedded WebApplicationContext
[2022-08-08 15:44:12.694] [INFO ] [main] org.springframework.boot.web.servlet.context.ServletWebServerApplicationContext Root WebApplicationContext: initialization completed in 2342 ms
[2022-08-08 15:44:13.535] [INFO ] [main] springfox.documentation.spring.web.PropertySourcedRequestMappingHandlerMapping Mapped URL path [/v2/api-docs] onto method [springfox.documentation.swagger2.web.Swagger2Controller#getDocumentation(String, HttpServletRequest)]
[2022-08-08 15:44:13.827] [INFO ] [main] org.apache.coyote.http11.Http11NioProtocol Starting ProtocolHandler ["http-nio-8080"]
[2022-08-08 15:44:13.847] [INFO ] [main] org.springframework.boot.web.embedded.tomcat.TomcatWebServer Tomcat started on port(s): 8080 (http) with context path ''
[2022-08-08 15:44:13.850] [INFO ] [main] springfox.documentation.spring.web.plugins.DocumentationPluginsBootstrapper Context refreshed
[2022-08-08 15:44:13.864] [INFO ] [main] springfox.documentation.spring.web.plugins.DocumentationPluginsBootstrapper Found 1 custom documentation plugin(s)
[2022-08-08 15:44:13.885] [INFO ] [main] springfox.documentation.spring.web.scanners.ApiListingReferenceScanner Scanning for api listing references
[2022-08-08 15:44:14.132] [INFO ] [main] com.springboot.api.ApiApplication Started ApiApplication in 4.908 seconds (JVM running for 5.573)
[2022-08-08 15:44:33.771] [INFO ] [http-nio-8080-exec-1] org.apache.catalina.core.ContainerBase.[Tomcat].[localhost].[/] Initializing Spring DispatcherServlet 'dispatcherServlet'
[2022-08-08 15:44:33.773] [INFO ] [http-nio-8080-exec-1] org.springframework.web.servlet.DispatcherServlet Initializing Servlet 'dispatcherServlet'
[2022-08-08 15:44:33.780] [INFO ] [http-nio-8080-exec-1] org.springframework.web.servlet.DispatcherServlet Completed initialization in 7 ms
[2022-08-08 15:44:33.822] [INFO ] [http-nio-8080-exec-1] com.springboot.api.controller.GetController getHello 메서드 호출
[2022-08-08 15:45:42.025] [INFO ] [http-nio-8080-exec-5] com.springboot.api.controller.GetController getHello 메서드 호출
[2022-08-08 15:45:43.945] [INFO ] [http-nio-8080-exec-8] com.springboot.api.controller.GetController getHello 메서드 호출
[2022-08-08 15:46:08.654] [INFO ] [http-nio-8080-exec-2] com.springboot.api.controller.GetController getHello 메서드 호출
[2022-08-08 15:46:14.153] [INFO ] [http-nio-8080-exec-1] com.springboot.api.controller.GetController getHello 메서드 호출
[2022-08-08 15:46:15.026] [INFO ] [http-nio-8080-exec-5] com.springboot.api.controller.GetController getHello 메서드 호출
[2022-08-08 15:46:15.540] [INFO ] [http-nio-8080-exec-4] com.springboot.api.controller.GetController getHello 메서드 호출
[2022-08-08 15:46:15.849] [INFO ] [http-nio-8080-exec-8] com.springboot.api.controller.GetController getHello 메서드 호출
[2022-08-08 15:46:16.242] [INFO ] [http-nio-8080-exec-6] com.springboot.api.controller.GetController getHello 메서드 호출
[2022-08-08 15:46:16.540] [INFO ] [http-nio-8080-exec-3] com.springboot.api.controller.GetController getHello 메서드 호출
[2022-08-08 15:47:16.152] [INFO ] [main] com.springboot.api.ApiApplication Starting ApiApplication using Java 11.0.11 on Seongwonui-MacBookPro.local with PID 2253 (/Users/seongwon/workspace/study/Spring/Spring_study/SpringBootGuide/api/target/classes started by seongwon in /Users/seongwon/workspace/study/Spring/Spring_study/SpringBootGuide/api)
[2022-08-08 15:47:16.155] [INFO ] [main] com.springboot.api.ApiApplication No active profile set, falling back to default profiles: default
[2022-08-08 15:47:18.116] [INFO ] [main] org.springframework.boot.web.embedded.tomcat.TomcatWebServer Tomcat initialized with port(s): 8080 (http)
[2022-08-08 15:47:18.127] [INFO ] [main] org.apache.coyote.http11.Http11NioProtocol Initializing ProtocolHandler ["http-nio-8080"]
[2022-08-08 15:47:18.128] [INFO ] [main] org.apache.catalina.core.StandardService Starting service [Tomcat]
[2022-08-08 15:47:18.128] [INFO ] [main] org.apache.catalina.core.StandardEngine Starting Servlet engine: [Apache Tomcat/9.0.54]
[2022-08-08 15:47:18.282] [INFO ] [main] org.apache.catalina.core.ContainerBase.[Tomcat].[localhost].[/] Initializing Spring embedded WebApplicationContext
[2022-08-08 15:47:18.283] [INFO ] [main] org.springframework.boot.web.servlet.context.ServletWebServerApplicationContext Root WebApplicationContext: initialization completed in 2036 ms
[2022-08-08 15:47:18.980] [INFO ] [main] springfox.documentation.spring.web.PropertySourcedRequestMappingHandlerMapping Mapped URL path [/v2/api-docs] onto method [springfox.documentation.swagger2.web.Swagger2Controller#getDocumentation(String, HttpServletRequest)]
[2022-08-08 15:47:19.243] [INFO ] [main] org.apache.coyote.http11.Http11NioProtocol Starting ProtocolHandler ["http-nio-8080"]
[2022-08-08 15:47:19.261] [INFO ] [main] org.springframework.boot.web.embedded.tomcat.TomcatWebServer Tomcat started on port(s): 8080 (http) with context path ''
[2022-08-08 15:47:19.264] [INFO ] [main] springfox.documentation.spring.web.plugins.DocumentationPluginsBootstrapper Context refreshed
[2022-08-08 15:47:19.278] [INFO ] [main] springfox.documentation.spring.web.plugins.DocumentationPluginsBootstrapper Found 1 custom documentation plugin(s)
[2022-08-08 15:47:19.300] [INFO ] [main] springfox.documentation.spring.web.scanners.ApiListingReferenceScanner Scanning for api listing references
[2022-08-08 15:47:19.569] [INFO ] [main] com.springboot.api.ApiApplication Started ApiApplication in 4.345 seconds (JVM running for 4.953)
[2022-08-08 15:47:26.335] [INFO ] [http-nio-8080-exec-2] org.apache.catalina.core.ContainerBase.[Tomcat].[localhost].[/] Initializing Spring DispatcherServlet 'dispatcherServlet'
[2022-08-08 15:47:26.338] [INFO ] [http-nio-8080-exec-2] org.springframework.web.servlet.DispatcherServlet Initializing Servlet 'dispatcherServlet'
[2022-08-08 15:47:26.340] [INFO ] [http-nio-8080-exec-2] org.springframework.web.servlet.DispatcherServlet Completed initialization in 2 ms
[2022-08-08 15:47:26.386] [INFO ] [http-nio-8080-exec-2] com.springboot.api.controller.GetController @PathVariable을 통해 들어온 값 : 111111
